<?xml version="1.0" encoding="UTF-8"?>
<testsuite xmlns:xsi="http://www.w3.org/2001/XMLSchema-instance" xsi:noNamespaceSchemaLocation="https://maven.apache.org/surefire/maven-surefire-plugin/xsd/surefire-test-report.xsd" name="com.cg.dao.MyProductOfRetaileTest" time="0.092" tests="5" errors="0" skipped="0" failures="0">
  <properties>
    <property name="sun.desktop" value="windows"/>
    <property name="awt.toolkit" value="sun.awt.windows.WToolkit"/>
    <property name="file.encoding.pkg" value="sun.io"/>
    <property name="java.specification.version" value="1.8"/>
    <property name="sun.cpu.isalist" value="amd64"/>
    <property name="sun.jnu.encoding" value="Cp1252"/>
    <property name="java.class.path" value="D:\Sprint1\ecom-inventory\target\test-classes;D:\Sprint1\ecom-inventory\target\classes;C:\Users\Rahhi Barbool\.m2\repository\org\junit\jupiter\junit-jupiter-api\5.5.2\junit-jupiter-api-5.5.2.jar;C:\Users\Rahhi Barbool\.m2\repository\org\apiguardian\apiguardian-api\1.1.0\apiguardian-api-1.1.0.jar;C:\Users\Rahhi Barbool\.m2\repository\org\opentest4j\opentest4j\1.2.0\opentest4j-1.2.0.jar;C:\Users\Rahhi Barbool\.m2\repository\org\junit\platform\junit-platform-commons\1.5.2\junit-platform-commons-1.5.2.jar;C:\Users\Rahhi Barbool\.m2\repository\org\junit\jupiter\junit-jupiter-engine\5.5.2\junit-jupiter-engine-5.5.2.jar;C:\Users\Rahhi Barbool\.m2\repository\org\junit\platform\junit-platform-engine\1.5.2\junit-platform-engine-1.5.2.jar;C:\Users\Rahhi Barbool\.m2\repository\org\mockito\mockito-all\2.0.2-beta\mockito-all-2.0.2-beta.jar;C:\Users\Rahhi Barbool\.m2\repository\name\falgout\jeffrey\testing\junit5\mockito-extension\1.0.0\mockito-extension-1.0.0.jar;C:\Users\Rahhi Barbool\.m2\repository\com\google\guava\guava\22.0\guava-22.0.jar;C:\Users\Rahhi Barbool\.m2\repository\com\google\code\findbugs\jsr305\1.3.9\jsr305-1.3.9.jar;C:\Users\Rahhi Barbool\.m2\repository\com\google\errorprone\error_prone_annotations\2.0.18\error_prone_annotations-2.0.18.jar;C:\Users\Rahhi Barbool\.m2\repository\com\google\j2objc\j2objc-annotations\1.1\j2objc-annotations-1.1.jar;C:\Users\Rahhi Barbool\.m2\repository\org\codehaus\mojo\animal-sniffer-annotations\1.14\animal-sniffer-annotations-1.14.jar;C:\Users\Rahhi Barbool\.m2\repository\org\mockito\mockito-core\2.8.47\mockito-core-2.8.47.jar;C:\Users\Rahhi Barbool\.m2\repository\net\bytebuddy\byte-buddy\1.6.14\byte-buddy-1.6.14.jar;C:\Users\Rahhi Barbool\.m2\repository\net\bytebuddy\byte-buddy-agent\1.6.14\byte-buddy-agent-1.6.14.jar;C:\Users\Rahhi Barbool\.m2\repository\org\objenesis\objenesis\2.5\objenesis-2.5.jar;"/>
    <property name="java.vm.vendor" value="Oracle Corporation"/>
    <property name="sun.arch.data.model" value="64"/>
    <property name="user.variant" value=""/>
    <property name="java.vendor.url" value="http://java.oracle.com/"/>
    <property name="user.timezone" value="Asia/Calcutta"/>
    <property name="java.vm.specification.version" value="1.8"/>
    <property name="os.name" value="Windows 10"/>
    <property name="user.country" value="US"/>
    <property name="sun.java.launcher" value="SUN_STANDARD"/>
    <property name="sun.boot.library.path" value="C:\Program Files\Java\jdk1.8.0_231\jre\bin"/>
    <property name="sun.java.command" value="C:\Users\RAHHIB~1\AppData\Local\Temp\surefire4142313973937692527\surefirebooter3439225357569396967.jar C:\Users\Rahhi Barbool\AppData\Local\Temp\surefire4142313973937692527 2020-02-18T20-25-31_793-jvmRun1 surefire6694366507707967580tmp surefire_0941169811173597941tmp"/>
    <property name="surefire.test.class.path" value="D:\Sprint1\ecom-inventory\target\test-classes;D:\Sprint1\ecom-inventory\target\classes;C:\Users\Rahhi Barbool\.m2\repository\org\junit\jupiter\junit-jupiter-api\5.5.2\junit-jupiter-api-5.5.2.jar;C:\Users\Rahhi Barbool\.m2\repository\org\apiguardian\apiguardian-api\1.1.0\apiguardian-api-1.1.0.jar;C:\Users\Rahhi Barbool\.m2\repository\org\opentest4j\opentest4j\1.2.0\opentest4j-1.2.0.jar;C:\Users\Rahhi Barbool\.m2\repository\org\junit\platform\junit-platform-commons\1.5.2\junit-platform-commons-1.5.2.jar;C:\Users\Rahhi Barbool\.m2\repository\org\junit\jupiter\junit-jupiter-engine\5.5.2\junit-jupiter-engine-5.5.2.jar;C:\Users\Rahhi Barbool\.m2\repository\org\junit\platform\junit-platform-engine\1.5.2\junit-platform-engine-1.5.2.jar;C:\Users\Rahhi Barbool\.m2\repository\org\mockito\mockito-all\2.0.2-beta\mockito-all-2.0.2-beta.jar;C:\Users\Rahhi Barbool\.m2\repository\name\falgout\jeffrey\testing\junit5\mockito-extension\1.0.0\mockito-extension-1.0.0.jar;C:\Users\Rahhi Barbool\.m2\repository\com\google\guava\guava\22.0\guava-22.0.jar;C:\Users\Rahhi Barbool\.m2\repository\com\google\code\findbugs\jsr305\1.3.9\jsr305-1.3.9.jar;C:\Users\Rahhi Barbool\.m2\repository\com\google\errorprone\error_prone_annotations\2.0.18\error_prone_annotations-2.0.18.jar;C:\Users\Rahhi Barbool\.m2\repository\com\google\j2objc\j2objc-annotations\1.1\j2objc-annotations-1.1.jar;C:\Users\Rahhi Barbool\.m2\repository\org\codehaus\mojo\animal-sniffer-annotations\1.14\animal-sniffer-annotations-1.14.jar;C:\Users\Rahhi Barbool\.m2\repository\org\mockito\mockito-core\2.8.47\mockito-core-2.8.47.jar;C:\Users\Rahhi Barbool\.m2\repository\net\bytebuddy\byte-buddy\1.6.14\byte-buddy-1.6.14.jar;C:\Users\Rahhi Barbool\.m2\repository\net\bytebuddy\byte-buddy-agent\1.6.14\byte-buddy-agent-1.6.14.jar;C:\Users\Rahhi Barbool\.m2\repository\org\objenesis\objenesis\2.5\objenesis-2.5.jar;"/>
    <property name="sun.cpu.endian" value="little"/>
    <property name="user.home" value="C:\Users\Rahhi Barbool"/>
    <property name="user.language" value="en"/>
    <property name="java.specification.vendor" value="Oracle Corporation"/>
    <property name="java.home" value="C:\Program Files\Java\jdk1.8.0_231\jre"/>
    <property name="basedir" value="D:\Sprint1\ecom-inventory"/>
    <property name="file.separator" value="\"/>
    <property name="line.separator" value="&#10;"/>
    <property name="java.vm.specification.vendor" value="Oracle Corporation"/>
    <property name="java.specification.name" value="Java Platform API Specification"/>
    <property name="java.awt.graphicsenv" value="sun.awt.Win32GraphicsEnvironment"/>
    <property name="surefire.real.class.path" value="C:\Users\RAHHIB~1\AppData\Local\Temp\surefire4142313973937692527\surefirebooter3439225357569396967.jar"/>
    <property name="sun.boot.class.path" value="C:\Program Files\Java\jdk1.8.0_231\jre\lib\resources.jar;C:\Program Files\Java\jdk1.8.0_231\jre\lib\rt.jar;C:\Program Files\Java\jdk1.8.0_231\jre\lib\sunrsasign.jar;C:\Program Files\Java\jdk1.8.0_231\jre\lib\jsse.jar;C:\Program Files\Java\jdk1.8.0_231\jre\lib\jce.jar;C:\Program Files\Java\jdk1.8.0_231\jre\lib\charsets.jar;C:\Program Files\Java\jdk1.8.0_231\jre\lib\jfr.jar;C:\Program Files\Java\jdk1.8.0_231\jre\classes"/>
    <property name="user.script" value=""/>
    <property name="sun.management.compiler" value="HotSpot 64-Bit Tiered Compilers"/>
    <property name="java.runtime.version" value="1.8.0_231-b11"/>
    <property name="user.name" value="Rahhi Barbool"/>
    <property name="path.separator" value=";"/>
    <property name="os.version" value="10.0"/>
    <property name="java.endorsed.dirs" value="C:\Program Files\Java\jdk1.8.0_231\jre\lib\endorsed"/>
    <property name="java.runtime.name" value="Java(TM) SE Runtime Environment"/>
    <property name="file.encoding" value="Cp1252"/>
    <property name="java.vm.name" value="Java HotSpot(TM) 64-Bit Server VM"/>
    <property name="localRepository" value="C:\Users\Rahhi Barbool\.m2\repository"/>
    <property name="java.vendor.url.bug" value="http://bugreport.sun.com/bugreport/"/>
    <property name="java.io.tmpdir" value="C:\Users\RAHHIB~1\AppData\Local\Temp\"/>
    <property name="java.version" value="1.8.0_231"/>
    <property name="user.dir" value="D:\Sprint1\ecom-inventory"/>
    <property name="os.arch" value="amd64"/>
    <property name="java.vm.specification.name" value="Java Virtual Machine Specification"/>
    <property name="java.awt.printerjob" value="sun.awt.windows.WPrinterJob"/>
    <property name="sun.os.patch.level" value=""/>
    <property name="java.library.path" value="C:\Program Files\Java\jdk1.8.0_231\jre\bin;C:\Windows\Sun\Java\bin;C:\Windows\system32;C:\Windows;C:/Program Files/Java/jre1.8.0_231/bin/server;C:/Program Files/Java/jre1.8.0_231/bin;C:/Program Files/Java/jre1.8.0_231/lib/amd64;C:\oraclexe\app\oracle\product\11.2.0\server\bin;;C:\Program Files (x86)\Common Files\Oracle\Java\javapath;C:\WinAVR-20080610\bin;C:\WinAVR-20080610\utils\bin;C:\WinAVR-20100110\bin;C:\WinAVR-20100110\utils\bin;C:\oraclexe\app\oracle\product\11.2.0\server\bin;C:\Windows\system32;C:\Windows;C:\Windows\System32\Wbem;C:\Windows\System32\WindowsPowerShell\v1.0\;C:\Windows\System32\OpenSSH\;C:\Program Files\MATLAB\R2017a\runtime\win64;C:\Program Files\MATLAB\R2017a\bin;C:\Program Files\MATLAB\R2014a\runtime\win64;C:\Program Files\MATLAB\R2014a\bin;C:\Program Files\MATLAB\R2014a\polyspace\bin;C:\Program Files\Git\cmd;C:\Program Files\Git\mingw64\bin;C:\Program Files\Git\usr\bin;C:\Program Files\Git\bin;C:\cygwin64\bin;C:\Program Files (x86)\National Instruments\Shared\LabVIEW CLI;C:\Users\Rahhi Barbool\AppData\Local\Programs\Python\Python37-32;C:\Users\Rahhi Barbool\AppData\Local\Programs\Python\Python37-32\Scripts;C:\Program Files\CMake\bin;C:\Program Files\Tesseract-OCR;C:\Program Files\nodejs\;C:\Users\Rahhi Barbool\AppData\Local\Programs\Python\Python37-32\Scripts\;C:\Users\Rahhi Barbool\AppData\Local\Programs\Python\Python37-32\;C:\Program Files\MySQL\MySQL Shell 8.0\bin\;C:\Program Files\JetBrains\PyCharm 2019.2.2\bin;;C:\Program Files\heroku\bin;C:\Program Files\CMake\bin;C:\Program Files\Java\jdk-10.0.2\bin;C:\Program Files\Java\jdk1.8.0_231\bin;C:\Program Files\apache-maven-3.6.3\bin;C:\Users\Rahhi Barbool\AppData\Local\Programs\Microsoft VS\bin;C:\Users\Rahhi Barbool\AppData\Roaming\npm;C:\Users\Rahhi Barbool\Desktop\capgemini fies\eclipse;;."/>
    <property name="java.vm.info" value="mixed mode"/>
    <property name="java.vendor" value="Oracle Corporation"/>
    <property name="java.vm.version" value="25.231-b11"/>
    <property name="java.ext.dirs" value="C:\Program Files\Java\jdk1.8.0_231\jre\lib\ext;C:\Windows\Sun\Java\lib\ext"/>
    <property name="sun.io.unicode.encoding" value="UnicodeLittle"/>
    <property name="java.class.version" value="52.0"/>
  </properties>
  <testcase name="testReatiler1" classname="com.cg.dao.MyProductOfRetaileTest" time="0.028"/>
  <testcase name="test2" classname="com.cg.dao.MyProductOfRetaileTest" time="0.001"/>
  <testcase name="test3" classname="com.cg.dao.MyProductOfRetaileTest" time="0.002"/>
  <testcase name="test4" classname="com.cg.dao.MyProductOfRetaileTest" time="0.002"/>
  <testcase name="test5" classname="com.cg.dao.MyProductOfRetaileTest" time="0.006"/>
</testsuite>